<?xml version="1.0" encoding="UTF-8"?>
<!-- Generated by org.testng.reporters.JUnitReportReporter -->
<testsuite skipped="0" hostname="ANDO-109592" name="Tests.LoginPageTest" tests="3" failures="0" timestamp="29 Aug 2021 02:55:59 GMT" time="2.161" errors="0">
  <testcase name="loginPageTitleTest" time="0.021" classname="Tests.LoginPageTest"/>
  <testcase name="loginPageHeaderTest" time="0.078" classname="Tests.LoginPageTest"/>
  <testcase name="doLoginTest" time="2.062" classname="Tests.LoginPageTest"/>
</testsuite> <!-- Tests.LoginPageTest -->
